<?xml version="1.0" encoding="UTF-8"?>
<!-- Generated by org.testng.reporters.JUnitReportReporter -->
<testsuite hostname="31f4d461116c5b1" failures="0" tests="2" name="Project_1.LoginTest" time="1.893" errors="0" timestamp="2025-05-10T22:03:33 IST" skipped="0">
  <testcase classname="Project_1.LoginTest" name="testValidLogin" time="0.598"/>
  <system-out/>
  <testcase classname="Project_1.LoginTest" name="testInvalidLogin" time="1.295"/>
  <system-out/>
</testsuite> <!-- Project_1.LoginTest -->
